# JRE version: Java(TM) SE Runtime Environment (8.0_45-b15) (build 1.8.0_45-b15)
# Java VM: Java HotSpot(TM) 64-Bit Server VM (25.45-b02 mixed mode windows-amd64 compressed oops)
Heap:
 PSYoungGen      total 414720K, used 341843K [0x0000000716100000, 0x000000073f080000, 0x00000007c0000000)
  eden space 393216K, 86% used [0x0000000716100000,0x000000072aed4c08,0x000000072e100000)
  from space 21504K, 0% used [0x000000072e100000,0x000000072e100000,0x000000072f600000)
  to   space 30720K, 0% used [0x000000073d280000,0x000000073d280000,0x000000073f080000)
 ParOldGen       total 389120K, used 46125K [0x00000005c2200000, 0x00000005d9e00000, 0x0000000716100000)
  object space 389120K, 11% used [0x00000005c2200000,0x00000005c4f0b5e8,0x00000005d9e00000)
 Metaspace       used 67286K, capacity 69984K, committed 70272K, reserved 1110016K
  class space    used 8550K, capacity 9035K, committed 9088K, reserved 1048576K
GC Heap History (10 events):
Event: 3.281 GC heap before
{Heap before GC invocations=4 (full 1):
 PSYoungGen      total 283648K, used 262144K [0x0000000716100000, 0x0000000728b00000, 0x00000007c0000000)
  eden space 262144K, 100% used [0x0000000716100000,0x0000000726100000,0x0000000726100000)
  from space 21504K, 0% used [0x0000000727600000,0x0000000727600000,0x0000000728b00000)
  to   space 21504K, 0% used [0x0000000726100000,0x0000000726100000,0x0000000727600000)
 ParOldGen       total 195584K, used 8362K [0x00000005c2200000, 0x00000005ce100000, 0x0000000716100000)
  object space 195584K, 4% used [0x00000005c2200000,0x00000005c2a2a890,0x00000005ce100000)
 Metaspace       used 32901K, capacity 34474K, committed 34816K, reserved 1079296K
  class space    used 4201K, capacity 4519K, committed 4608K, reserved 1048576K
Event: 3.293 GC heap after
Heap after GC invocations=4 (full 1):
 PSYoungGen      total 283648K, used 21223K [0x0000000716100000, 0x0000000730b00000, 0x00000007c0000000)
  eden space 262144K, 0% used [0x0000000716100000,0x0000000716100000,0x0000000726100000)
  from space 21504K, 98% used [0x0000000726100000,0x00000007275b9d80,0x0000000727600000)
  to   space 21504K, 0% used [0x000000072f600000,0x000000072f600000,0x0000000730b00000)
 ParOldGen       total 195584K, used 8434K [0x00000005c2200000, 0x00000005ce100000, 0x0000000716100000)
  object space 195584K, 4% used [0x00000005c2200000,0x00000005c2a3c8a0,0x00000005ce100000)
 Metaspace       used 32901K, capacity 34474K, committed 34816K, reserved 1079296K
  class space    used 4201K, capacity 4519K, committed 4608K, reserved 1048576K
}
Event: 3.454 GC heap before
{Heap before GC invocations=5 (full 1):
 PSYoungGen      total 283648K, used 76545K [0x0000000716100000, 0x0000000730b00000, 0x00000007c0000000)
  eden space 262144K, 21% used [0x0000000716100000,0x00000007197066b8,0x0000000726100000)
  from space 21504K, 98% used [0x0000000726100000,0x00000007275b9d80,0x0000000727600000)
  to   space 21504K, 0% used [0x000000072f600000,0x000000072f600000,0x0000000730b00000)
 ParOldGen       total 195584K, used 8434K [0x00000005c2200000, 0x00000005ce100000, 0x0000000716100000)
  object space 195584K, 4% used [0x00000005c2200000,0x00000005c2a3c8a0,0x00000005ce100000)
 Metaspace       used 33765K, capacity 35330K, committed 35416K, reserved 1081344K
  class space    used 4286K, capacity 4587K, committed 4608K, reserved 1048576K
Event: 3.463 GC heap after
Heap after GC invocations=5 (full 1):
 PSYoungGen      total 414720K, used 14807K [0x0000000716100000, 0x0000000731b80000, 0x00000007c0000000)
  eden space 393216K, 0% used [0x0000000716100000,0x0000000716100000,0x000000072e100000)
  from space 21504K, 68% used [0x000000072f600000,0x0000000730475fa0,0x0000000730b00000)
  to   space 21504K, 0% used [0x000000072e100000,0x000000072e100000,0x000000072f600000)
 ParOldGen       total 195584K, used 8442K [0x00000005c2200000, 0x00000005ce100000, 0x0000000716100000)
  object space 195584K, 4% used [0x00000005c2200000,0x00000005c2a3e8a0,0x00000005ce100000)
 Metaspace       used 33765K, capacity 35330K, committed 35416K, reserved 1081344K
  class space    used 4286K, capacity 4587K, committed 4608K, reserved 1048576K
}
Event: 3.463 GC heap before
{Heap before GC invocations=6 (full 2):
 PSYoungGen      total 414720K, used 14807K [0x0000000716100000, 0x0000000731b80000, 0x00000007c0000000)
  eden space 393216K, 0% used [0x0000000716100000,0x0000000716100000,0x000000072e100000)
  from space 21504K, 68% used [0x000000072f600000,0x0000000730475fa0,0x0000000730b00000)
  to   space 21504K, 0% used [0x000000072e100000,0x000000072e100000,0x000000072f600000)
 ParOldGen       total 195584K, used 8442K [0x00000005c2200000, 0x00000005ce100000, 0x0000000716100000)
  object space 195584K, 4% used [0x00000005c2200000,0x00000005c2a3e8a0,0x00000005ce100000)
 Metaspace       used 33765K, capacity 35330K, committed 35416K, reserved 1081344K
  class space    used 4286K, capacity 4587K, committed 4608K, reserved 1048576K
Event: 3.500 GC heap after
Heap after GC invocations=6 (full 2):
 PSYoungGen      total 414720K, used 0K [0x0000000716100000, 0x0000000731b80000, 0x00000007c0000000)
  eden space 393216K, 0% used [0x0000000716100000,0x0000000716100000,0x000000072e100000)
  from space 21504K, 0% used [0x000000072f600000,0x000000072f600000,0x0000000730b00000)
  to   space 21504K, 0% used [0x000000072e100000,0x000000072e100000,0x000000072f600000)
 ParOldGen       total 280064K, used 19429K [0x00000005c2200000, 0x00000005d3380000, 0x0000000716100000)
  object space 280064K, 6% used [0x00000005c2200000,0x00000005c34f9420,0x00000005d3380000)
 Metaspace       used 33765K, capacity 35330K, committed 35416K, reserved 1081344K
  class space    used 4286K, capacity 4587K, committed 4608K, reserved 1048576K
}
Event: 8.363 GC heap before
{Heap before GC invocations=7 (full 2):
 PSYoungGen      total 414720K, used 368160K [0x0000000716100000, 0x0000000731b80000, 0x00000007c0000000)
  eden space 393216K, 93% used [0x0000000716100000,0x000000072c888080,0x000000072e100000)
  from space 21504K, 0% used [0x000000072f600000,0x000000072f600000,0x0000000730b00000)
  to   space 21504K, 0% used [0x000000072e100000,0x000000072e100000,0x000000072f600000)
 ParOldGen       total 280064K, used 19429K [0x00000005c2200000, 0x00000005d3380000, 0x0000000716100000)
  object space 280064K, 6% used [0x00000005c2200000,0x00000005c34f9420,0x00000005d3380000)
 Metaspace       used 56604K, capacity 58968K, committed 59008K, reserved 1099776K
  class space    used 7386K, capacity 7798K, committed 7808K, reserved 1048576K
Event: 8.386 GC heap after
Heap after GC invocations=7 (full 2):
 PSYoungGen      total 414720K, used 21489K [0x0000000716100000, 0x000000073f080000, 0x00000007c0000000)
  eden space 393216K, 0% used [0x0000000716100000,0x0000000716100000,0x000000072e100000)
  from space 21504K, 99% used [0x000000072e100000,0x000000072f5fc678,0x000000072f600000)
  to   space 30720K, 0% used [0x000000073d280000,0x000000073d280000,0x000000073f080000)
 ParOldGen       total 280064K, used 27873K [0x00000005c2200000, 0x00000005d3380000, 0x0000000716100000)
  object space 280064K, 9% used [0x00000005c2200000,0x00000005c3d384a8,0x00000005d3380000)
 Metaspace       used 56604K, capacity 58968K, committed 59008K, reserved 1099776K
  class space    used 7386K, capacity 7798K, committed 7808K, reserved 1048576K
}
Event: 8.386 GC heap before
{Heap before GC invocations=8 (full 3):
 PSYoungGen      total 414720K, used 21489K [0x0000000716100000, 0x000000073f080000, 0x00000007c0000000)
  eden space 393216K, 0% used [0x0000000716100000,0x0000000716100000,0x000000072e100000)
  from space 21504K, 99% used [0x000000072e100000,0x000000072f5fc678,0x000000072f600000)
  to   space 30720K, 0% used [0x000000073d280000,0x000000073d280000,0x000000073f080000)
 ParOldGen       total 280064K, used 27873K [0x00000005c2200000, 0x00000005d3380000, 0x0000000716100000)
  object space 280064K, 9% used [0x00000005c2200000,0x00000005c3d384a8,0x00000005d3380000)
 Metaspace       used 56604K, capacity 58968K, committed 59008K, reserved 1099776K
  class space    used 7386K, capacity 7798K, committed 7808K, reserved 1048576K
Event: 8.541 GC heap after
Heap after GC invocations=8 (full 3):
 PSYoungGen      total 414720K, used 0K [0x0000000716100000, 0x000000073f080000, 0x00000007c0000000)
  eden space 393216K, 0% used [0x0000000716100000,0x0000000716100000,0x000000072e100000)
  from space 21504K, 0% used [0x000000072e100000,0x000000072e100000,0x000000072f600000)
  to   space 30720K, 0% used [0x000000073d280000,0x000000073d280000,0x000000073f080000)
 ParOldGen       total 389120K, used 46125K [0x00000005c2200000, 0x00000005d9e00000, 0x0000000716100000)
  object space 389120K, 11% used [0x00000005c2200000,0x00000005c4f0b5e8,0x00000005d9e00000)
 Metaspace       used 56604K, capacity 58968K, committed 59008K, reserved 1099776K
  class space    used 7386K, capacity 7798K, committed 7808K, reserved 1048576K
}

