# JRE version: Java(TM) SE Runtime Environment (8.0_45-b15) (build 1.8.0_45-b15)
# Java VM: Java HotSpot(TM) 64-Bit Server VM (25.45-b02 mixed mode windows-amd64 compressed oops)
Heap:
 PSYoungGen      total 308224K, used 126900K [0x0000000716100000, 0x0000000733080000, 0x00000007c0000000)
  eden space 287232K, 44% used [0x0000000716100000,0x000000071dced3a8,0x0000000727980000)
  from space 20992K, 0% used [0x0000000727980000,0x0000000727980000,0x0000000728e00000)
  to   space 22016K, 0% used [0x0000000731b00000,0x0000000731b00000,0x0000000733080000)
 ParOldGen       total 399872K, used 35274K [0x00000005c2200000, 0x00000005da880000, 0x0000000716100000)
  object space 399872K, 8% used [0x00000005c2200000,0x00000005c4472ac0,0x00000005da880000)
 Metaspace       used 66737K, capacity 69418K, committed 69760K, reserved 1110016K
  class space    used 8512K, capacity 8998K, committed 9088K, reserved 1048576K
GC Heap History (10 events):
Event: 3.864 GC heap before
{Heap before GC invocations=6 (full 1):
 PSYoungGen      total 207360K, used 62529K [0x0000000716100000, 0x0000000724200000, 0x00000007c0000000)
  eden space 185856K, 24% used [0x0000000716100000,0x0000000718dbc158,0x0000000721680000)
  from space 21504K, 77% used [0x0000000722b80000,0x0000000723bd4698,0x0000000724080000)
  to   space 21504K, 0% used [0x0000000721680000,0x0000000721680000,0x0000000722b80000)
 ParOldGen       total 206848K, used 8367K [0x00000005c2200000, 0x00000005cec00000, 0x0000000716100000)
  object space 206848K, 4% used [0x00000005c2200000,0x00000005c2a2bc28,0x00000005cec00000)
 Metaspace       used 33833K, capacity 35330K, committed 35416K, reserved 1081344K
  class space    used 4293K, capacity 4587K, committed 4608K, reserved 1048576K
Event: 3.872 GC heap after
Heap after GC invocations=6 (full 1):
 PSYoungGen      total 207360K, used 14688K [0x0000000716100000, 0x000000072a080000, 0x00000007c0000000)
  eden space 185856K, 0% used [0x0000000716100000,0x0000000716100000,0x0000000721680000)
  from space 21504K, 68% used [0x0000000721680000,0x00000007224d80c8,0x0000000722b80000)
  to   space 18944K, 0% used [0x0000000728e00000,0x0000000728e00000,0x000000072a080000)
 ParOldGen       total 206848K, used 8375K [0x00000005c2200000, 0x00000005cec00000, 0x0000000716100000)
  object space 206848K, 4% used [0x00000005c2200000,0x00000005c2a2dc28,0x00000005cec00000)
 Metaspace       used 33833K, capacity 35330K, committed 35416K, reserved 1081344K
  class space    used 4293K, capacity 4587K, committed 4608K, reserved 1048576K
}
Event: 3.872 GC heap before
{Heap before GC invocations=7 (full 2):
 PSYoungGen      total 207360K, used 14688K [0x0000000716100000, 0x000000072a080000, 0x00000007c0000000)
  eden space 185856K, 0% used [0x0000000716100000,0x0000000716100000,0x0000000721680000)
  from space 21504K, 68% used [0x0000000721680000,0x00000007224d80c8,0x0000000722b80000)
  to   space 18944K, 0% used [0x0000000728e00000,0x0000000728e00000,0x000000072a080000)
 ParOldGen       total 206848K, used 8375K [0x00000005c2200000, 0x00000005cec00000, 0x0000000716100000)
  object space 206848K, 4% used [0x00000005c2200000,0x00000005c2a2dc28,0x00000005cec00000)
 Metaspace       used 33833K, capacity 35330K, committed 35416K, reserved 1081344K
  class space    used 4293K, capacity 4587K, committed 4608K, reserved 1048576K
Event: 3.913 GC heap after
Heap after GC invocations=7 (full 2):
 PSYoungGen      total 207360K, used 0K [0x0000000716100000, 0x000000072a080000, 0x00000007c0000000)
  eden space 185856K, 0% used [0x0000000716100000,0x0000000716100000,0x0000000721680000)
  from space 21504K, 0% used [0x0000000721680000,0x0000000721680000,0x0000000722b80000)
  to   space 18944K, 0% used [0x0000000728e00000,0x0000000728e00000,0x000000072a080000)
 ParOldGen       total 295936K, used 19314K [0x00000005c2200000, 0x00000005d4300000, 0x0000000716100000)
  object space 295936K, 6% used [0x00000005c2200000,0x00000005c34dc8c0,0x00000005d4300000)
 Metaspace       used 33833K, capacity 35330K, committed 35416K, reserved 1081344K
  class space    used 4293K, capacity 4587K, committed 4608K, reserved 1048576K
}
Event: 7.213 GC heap before
{Heap before GC invocations=8 (full 2):
 PSYoungGen      total 207360K, used 185856K [0x0000000716100000, 0x000000072a080000, 0x00000007c0000000)
  eden space 185856K, 100% used [0x0000000716100000,0x0000000721680000,0x0000000721680000)
  from space 21504K, 0% used [0x0000000721680000,0x0000000721680000,0x0000000722b80000)
  to   space 18944K, 0% used [0x0000000728e00000,0x0000000728e00000,0x000000072a080000)
 ParOldGen       total 295936K, used 19314K [0x00000005c2200000, 0x00000005d4300000, 0x0000000716100000)
  object space 295936K, 6% used [0x00000005c2200000,0x00000005c34dc8c0,0x00000005d4300000)
 Metaspace       used 50224K, capacity 52320K, committed 52608K, reserved 1095680K
  class space    used 6566K, capacity 6930K, committed 7040K, reserved 1048576K
Event: 7.224 GC heap after
Heap after GC invocations=8 (full 2):
 PSYoungGen      total 306176K, used 18338K [0x0000000716100000, 0x000000072a280000, 0x00000007c0000000)
  eden space 287232K, 0% used [0x0000000716100000,0x0000000716100000,0x0000000727980000)
  from space 18944K, 96% used [0x0000000728e00000,0x0000000729fe8808,0x000000072a080000)
  to   space 20992K, 0% used [0x0000000727980000,0x0000000727980000,0x0000000728e00000)
 ParOldGen       total 295936K, used 19330K [0x00000005c2200000, 0x00000005d4300000, 0x0000000716100000)
  object space 295936K, 6% used [0x00000005c2200000,0x00000005c34e08d0,0x00000005d4300000)
 Metaspace       used 50224K, capacity 52320K, committed 52608K, reserved 1095680K
  class space    used 6566K, capacity 6930K, committed 7040K, reserved 1048576K
}
Event: 8.731 GC heap before
{Heap before GC invocations=9 (full 2):
 PSYoungGen      total 306176K, used 190732K [0x0000000716100000, 0x000000072a280000, 0x00000007c0000000)
  eden space 287232K, 60% used [0x0000000716100000,0x000000072095a820,0x0000000727980000)
  from space 18944K, 96% used [0x0000000728e00000,0x0000000729fe8808,0x000000072a080000)
  to   space 20992K, 0% used [0x0000000727980000,0x0000000727980000,0x0000000728e00000)
 ParOldGen       total 295936K, used 19330K [0x00000005c2200000, 0x00000005d4300000, 0x0000000716100000)
  object space 295936K, 6% used [0x00000005c2200000,0x00000005c34e08d0,0x00000005d4300000)
 Metaspace       used 56625K, capacity 58972K, committed 59008K, reserved 1099776K
  class space    used 7394K, capacity 7798K, committed 7808K, reserved 1048576K
Event: 8.746 GC heap after
Heap after GC invocations=9 (full 2):
 PSYoungGen      total 308224K, used 18473K [0x0000000716100000, 0x0000000733080000, 0x00000007c0000000)
  eden space 287232K, 0% used [0x0000000716100000,0x0000000716100000,0x0000000727980000)
  from space 20992K, 88% used [0x0000000727980000,0x0000000728b8a4b0,0x0000000728e00000)
  to   space 22016K, 0% used [0x0000000731b00000,0x0000000731b00000,0x0000000733080000)
 ParOldGen       total 295936K, used 19338K [0x00000005c2200000, 0x00000005d4300000, 0x0000000716100000)
  object space 295936K, 6% used [0x00000005c2200000,0x00000005c34e28d0,0x00000005d4300000)
 Metaspace       used 56625K, capacity 58972K, committed 59008K, reserved 1099776K
  class space    used 7394K, capacity 7798K, committed 7808K, reserved 1048576K
}
Event: 8.746 GC heap before
{Heap before GC invocations=10 (full 3):
 PSYoungGen      total 308224K, used 18473K [0x0000000716100000, 0x0000000733080000, 0x00000007c0000000)
  eden space 287232K, 0% used [0x0000000716100000,0x0000000716100000,0x0000000727980000)
  from space 20992K, 88% used [0x0000000727980000,0x0000000728b8a4b0,0x0000000728e00000)
  to   space 22016K, 0% used [0x0000000731b00000,0x0000000731b00000,0x0000000733080000)
 ParOldGen       total 295936K, used 19338K [0x00000005c2200000, 0x00000005d4300000, 0x0000000716100000)
  object space 295936K, 6% used [0x00000005c2200000,0x00000005c34e28d0,0x00000005d4300000)
 Metaspace       used 56625K, capacity 58972K, committed 59008K, reserved 1099776K
  class space    used 7394K, capacity 7798K, committed 7808K, reserved 1048576K
Event: 8.892 GC heap after
Heap after GC invocations=10 (full 3):
 PSYoungGen      total 308224K, used 0K [0x0000000716100000, 0x0000000733080000, 0x00000007c0000000)
  eden space 287232K, 0% used [0x0000000716100000,0x0000000716100000,0x0000000727980000)
  from space 20992K, 0% used [0x0000000727980000,0x0000000727980000,0x0000000728e00000)
  to   space 22016K, 0% used [0x0000000731b00000,0x0000000731b00000,0x0000000733080000)
 ParOldGen       total 399872K, used 35274K [0x00000005c2200000, 0x00000005da880000, 0x0000000716100000)
  object space 399872K, 8% used [0x00000005c2200000,0x00000005c4472ac0,0x00000005da880000)
 Metaspace       used 56625K, capacity 58972K, committed 59008K, reserved 1099776K
  class space    used 7394K, capacity 7798K, committed 7808K, reserved 1048576K
}

