# JRE version: Java(TM) SE Runtime Environment (8.0_45-b15) (build 1.8.0_45-b15)
# Java VM: Java HotSpot(TM) 64-Bit Server VM (25.45-b02 mixed mode windows-amd64 compressed oops)
Heap:
 PSYoungGen      total 400896K, used 119267K [0x0000000716100000, 0x000000073c600000, 0x00000007c0000000)
  eden space 379392K, 31% used [0x0000000716100000,0x000000071d578f18,0x000000072d380000)
  from space 21504K, 0% used [0x000000072d380000,0x000000072d380000,0x000000072e880000)
  to   space 30720K, 0% used [0x000000073a800000,0x000000073a800000,0x000000073c600000)
 ParOldGen       total 424960K, used 46009K [0x00000005c2200000, 0x00000005dc100000, 0x0000000716100000)
  object space 424960K, 10% used [0x00000005c2200000,0x00000005c4eee508,0x00000005dc100000)
 Metaspace       used 66404K, capacity 69074K, committed 69248K, reserved 1110016K
  class space    used 8511K, capacity 8994K, committed 9088K, reserved 1048576K
GC Heap History (10 events):
Event: 3.119 GC heap before
{Heap before GC invocations=4 (full 1):
 PSYoungGen      total 283648K, used 262144K [0x0000000716100000, 0x0000000728b00000, 0x00000007c0000000)
  eden space 262144K, 100% used [0x0000000716100000,0x0000000726100000,0x0000000726100000)
  from space 21504K, 0% used [0x0000000727600000,0x0000000727600000,0x0000000728b00000)
  to   space 21504K, 0% used [0x0000000726100000,0x0000000726100000,0x0000000727600000)
 ParOldGen       total 202752K, used 8596K [0x00000005c2200000, 0x00000005ce800000, 0x0000000716100000)
  object space 202752K, 4% used [0x00000005c2200000,0x00000005c2a652b8,0x00000005ce800000)
 Metaspace       used 32880K, capacity 34410K, committed 34560K, reserved 1079296K
  class space    used 4205K, capacity 4519K, committed 4608K, reserved 1048576K
Event: 3.130 GC heap after
Heap after GC invocations=4 (full 1):
 PSYoungGen      total 283648K, used 21067K [0x0000000716100000, 0x000000072fd80000, 0x00000007c0000000)
  eden space 262144K, 0% used [0x0000000716100000,0x0000000716100000,0x0000000726100000)
  from space 21504K, 97% used [0x0000000726100000,0x0000000727592d88,0x0000000727600000)
  to   space 21504K, 0% used [0x000000072e880000,0x000000072e880000,0x000000072fd80000)
 ParOldGen       total 202752K, used 8668K [0x00000005c2200000, 0x00000005ce800000, 0x0000000716100000)
  object space 202752K, 4% used [0x00000005c2200000,0x00000005c2a772c8,0x00000005ce800000)
 Metaspace       used 32880K, capacity 34410K, committed 34560K, reserved 1079296K
  class space    used 4205K, capacity 4519K, committed 4608K, reserved 1048576K
}
Event: 3.282 GC heap before
{Heap before GC invocations=5 (full 1):
 PSYoungGen      total 283648K, used 77689K [0x0000000716100000, 0x000000072fd80000, 0x00000007c0000000)
  eden space 262144K, 21% used [0x0000000716100000,0x000000071984b710,0x0000000726100000)
  from space 21504K, 97% used [0x0000000726100000,0x0000000727592d88,0x0000000727600000)
  to   space 21504K, 0% used [0x000000072e880000,0x000000072e880000,0x000000072fd80000)
 ParOldGen       total 202752K, used 8668K [0x00000005c2200000, 0x00000005ce800000, 0x0000000716100000)
  object space 202752K, 4% used [0x00000005c2200000,0x00000005c2a772c8,0x00000005ce800000)
 Metaspace       used 33838K, capacity 35330K, committed 35416K, reserved 1081344K
  class space    used 4304K, capacity 4587K, committed 4608K, reserved 1048576K
Event: 3.290 GC heap after
Heap after GC invocations=5 (full 1):
 PSYoungGen      total 400896K, used 14986K [0x0000000716100000, 0x0000000731100000, 0x00000007c0000000)
  eden space 379392K, 0% used [0x0000000716100000,0x0000000716100000,0x000000072d380000)
  from space 21504K, 69% used [0x000000072e880000,0x000000072f722ba8,0x000000072fd80000)
  to   space 21504K, 0% used [0x000000072d380000,0x000000072d380000,0x000000072e880000)
 ParOldGen       total 202752K, used 8676K [0x00000005c2200000, 0x00000005ce800000, 0x0000000716100000)
  object space 202752K, 4% used [0x00000005c2200000,0x00000005c2a792c8,0x00000005ce800000)
 Metaspace       used 33838K, capacity 35330K, committed 35416K, reserved 1081344K
  class space    used 4304K, capacity 4587K, committed 4608K, reserved 1048576K
}
Event: 3.290 GC heap before
{Heap before GC invocations=6 (full 2):
 PSYoungGen      total 400896K, used 14986K [0x0000000716100000, 0x0000000731100000, 0x00000007c0000000)
  eden space 379392K, 0% used [0x0000000716100000,0x0000000716100000,0x000000072d380000)
  from space 21504K, 69% used [0x000000072e880000,0x000000072f722ba8,0x000000072fd80000)
  to   space 21504K, 0% used [0x000000072d380000,0x000000072d380000,0x000000072e880000)
 ParOldGen       total 202752K, used 8676K [0x00000005c2200000, 0x00000005ce800000, 0x0000000716100000)
  object space 202752K, 4% used [0x00000005c2200000,0x00000005c2a792c8,0x00000005ce800000)
 Metaspace       used 33838K, capacity 35330K, committed 35416K, reserved 1081344K
  class space    used 4304K, capacity 4587K, committed 4608K, reserved 1048576K
Event: 3.329 GC heap after
Heap after GC invocations=6 (full 2):
 PSYoungGen      total 400896K, used 0K [0x0000000716100000, 0x0000000731100000, 0x00000007c0000000)
  eden space 379392K, 0% used [0x0000000716100000,0x0000000716100000,0x000000072d380000)
  from space 21504K, 0% used [0x000000072e880000,0x000000072e880000,0x000000072fd80000)
  to   space 21504K, 0% used [0x000000072d380000,0x000000072d380000,0x000000072e880000)
 ParOldGen       total 302080K, used 19599K [0x00000005c2200000, 0x00000005d4900000, 0x0000000716100000)
  object space 302080K, 6% used [0x00000005c2200000,0x00000005c3523e08,0x00000005d4900000)
 Metaspace       used 33838K, capacity 35330K, committed 35416K, reserved 1081344K
  class space    used 4304K, capacity 4587K, committed 4608K, reserved 1048576K
}
Event: 7.875 GC heap before
{Heap before GC invocations=7 (full 2):
 PSYoungGen      total 400896K, used 365166K [0x0000000716100000, 0x0000000731100000, 0x00000007c0000000)
  eden space 379392K, 96% used [0x0000000716100000,0x000000072c59b910,0x000000072d380000)
  from space 21504K, 0% used [0x000000072e880000,0x000000072e880000,0x000000072fd80000)
  to   space 21504K, 0% used [0x000000072d380000,0x000000072d380000,0x000000072e880000)
 ParOldGen       total 302080K, used 19599K [0x00000005c2200000, 0x00000005d4900000, 0x0000000716100000)
  object space 302080K, 6% used [0x00000005c2200000,0x00000005c3523e08,0x00000005d4900000)
 Metaspace       used 56609K, capacity 58978K, committed 59008K, reserved 1099776K
  class space    used 7396K, capacity 7799K, committed 7808K, reserved 1048576K
Event: 7.898 GC heap after
Heap after GC invocations=7 (full 2):
 PSYoungGen      total 400896K, used 21475K [0x0000000716100000, 0x000000073c600000, 0x00000007c0000000)
  eden space 379392K, 0% used [0x0000000716100000,0x0000000716100000,0x000000072d380000)
  from space 21504K, 99% used [0x000000072d380000,0x000000072e878f68,0x000000072e880000)
  to   space 30720K, 0% used [0x000000073a800000,0x000000073a800000,0x000000073c600000)
 ParOldGen       total 302080K, used 27858K [0x00000005c2200000, 0x00000005d4900000, 0x0000000716100000)
  object space 302080K, 9% used [0x00000005c2200000,0x00000005c3d349e8,0x00000005d4900000)
 Metaspace       used 56609K, capacity 58978K, committed 59008K, reserved 1099776K
  class space    used 7396K, capacity 7799K, committed 7808K, reserved 1048576K
}
Event: 7.898 GC heap before
{Heap before GC invocations=8 (full 3):
 PSYoungGen      total 400896K, used 21475K [0x0000000716100000, 0x000000073c600000, 0x00000007c0000000)
  eden space 379392K, 0% used [0x0000000716100000,0x0000000716100000,0x000000072d380000)
  from space 21504K, 99% used [0x000000072d380000,0x000000072e878f68,0x000000072e880000)
  to   space 30720K, 0% used [0x000000073a800000,0x000000073a800000,0x000000073c600000)
 ParOldGen       total 302080K, used 27858K [0x00000005c2200000, 0x00000005d4900000, 0x0000000716100000)
  object space 302080K, 9% used [0x00000005c2200000,0x00000005c3d349e8,0x00000005d4900000)
 Metaspace       used 56609K, capacity 58978K, committed 59008K, reserved 1099776K
  class space    used 7396K, capacity 7799K, committed 7808K, reserved 1048576K
Event: 8.032 GC heap after
Heap after GC invocations=8 (full 3):
 PSYoungGen      total 400896K, used 0K [0x0000000716100000, 0x000000073c600000, 0x00000007c0000000)
  eden space 379392K, 0% used [0x0000000716100000,0x0000000716100000,0x000000072d380000)
  from space 21504K, 0% used [0x000000072d380000,0x000000072d380000,0x000000072e880000)
  to   space 30720K, 0% used [0x000000073a800000,0x000000073a800000,0x000000073c600000)
 ParOldGen       total 424960K, used 46009K [0x00000005c2200000, 0x00000005dc100000, 0x0000000716100000)
  object space 424960K, 10% used [0x00000005c2200000,0x00000005c4eee508,0x00000005dc100000)
 Metaspace       used 56609K, capacity 58978K, committed 59008K, reserved 1099776K
  class space    used 7396K, capacity 7799K, committed 7808K, reserved 1048576K
}

